May 27 11:45:40 ubuntu.local ticky: INFO Created ticket [#1234] (blossom)
May 28 11:45:40 ubuntu.local ticky: INFO Created ticket [#1234] (breee.john)
May 29 11:45:40 ubuntu.local ticky: INFO Created ticket [#1234] (brittani.spree)
Jun 1 11:06:48 ubuntu.local ticky: ERROR Connection to DB failed (riejesh)
Jun 1 11:06:48 ubuntu.local ticky: ERROR Connection to DB failed (riejesh)
Jun 1 11:06:48 ubuntu.local ticky: ERROR Connection to DB failed (riejesh)
Jun 1 11:06:48 ubuntu.local ticky: ERROR Connection to DB failed (virajith)
Jun 2 11:06:48 ubuntu.local ticky: ERROR Connection to DB failed (riejesh)
Jun 2 11:06:48 ubuntu.local ticky: ERROR Connection to DB failed (riejesh)
Jun 2 11:06:48 ubuntu.local ticky: ERROR Connection to DB failed (riejesh)
Jun 2 11:06:48 ubuntu.local ticky: ERROR Connection to DB failed (virajith)
Jun 11 11:06:48 ubuntu.local ticky: ERROR Connection to DB failed (riejesh)
Jun 14 11:06:48 ubuntu.local ticky: ERROR Connection to DB failed (aswath)
Jun 14 11:06:48 ubuntu.local ticky: ERROR Connection to DB failed (riejesh)
Jun 14 11:06:48 ubuntu.local ticky: ERROR Connection to DB failed (virajith)
Jun 14 11:06:48 ubuntu.local ticky: ERROR Connection to DB failed (riejesh)
Jun 18 11:06:48 ubuntu.local ticky: ERROR Connection to DB failed (riejesh)
Jun 18 11:06:48 ubuntu.local ticky: ERROR Permission Denied (ujwal)
Jun 18 11:06:48 ubuntu.local ticky: ERROR Permission Denied (virajith)
Jun 18 11:06:48 ubuntu.local ticky: ERROR Permission Denied (virajith)
Jun 18 11:06:48 ubuntu.local ticky: ERROR Permission Denied (aswath)
Jun 18 11:06:48 ubuntu.local ticky: ERROR Permission Denied (virajith)
Jun 18 11:06:48 ubuntu.local ticky: ERROR Permission Denied (aswath)
Jun 18 11:06:48 ubuntu.local ticky: ERROR Permission Denied (virajith)
Jun 18 11:06:48 ubuntu.local ticky: ERROR Permission Denied (virajith)
Jun 18 11:06:48 ubuntu.local ticky: ERROR Permission Denied (radha)
Jun 20 11:06:48 ubuntu.local ticky: ERROR Permission Denied (aswath)
Jun 20 11:06:48 ubuntu.local ticky: ERROR Permission Denied (virajith)
Jun 20 11:06:48 ubuntu.local ticky: ERROR Permission Denied (riejesh)
Jun 30 11:06:48 ubuntu.local ticky: ERROR Ticket doesn’t exsist (riejesh)
Jun 30 11:06:48 ubuntu.local ticky: ERROR Ticket doesn’t exsist (riejesh)
Jun 30 11:06:48 ubuntu.local ticky: ERROR Ticket doesn’t exsist (radha)
Jun 30 11:06:48 ubuntu.local ticky: ERROR Ticket doesn’t exsist (riejesh)
Jun 30 11:06:48 ubuntu.local ticky: ERROR Ticket doesn’t exsist (riejesh)
Jun 30 11:06:48 ubuntu.local ticky: ERROR Ticket doesn’t exsist (riejesh)
Jun 30 11:06:48 ubuntu.local ticky: ERROR Ticket doesn’t exsist (ganesh)
Jun 30 11:06:48 ubuntu.local ticky: ERROR Ticket doesn’t exsist (riejesh)
Jun 30 11:06:48 ubuntu.local ticky: ERROR Tried to add information to closed ticket (radha)
Jun 30 11:06:48 ubuntu.local ticky: ERROR Tried to add information to closed ticket (radha)
Jun 30 11:06:48 ubuntu.local ticky: ERROR Tried to add information to closed ticket (radha)
Jun 30 11:06:48 ubuntu.local ticky: ERROR Tried to add information to closed ticket (virajith)
Jun 30 11:06:48 ubuntu.local ticky: ERROR Tried to add information to closed ticket (radha)
Jun 30 11:06:48 ubuntu.local ticky: ERROR Tried to add information to closed ticket (radha)
Jun 30 11:06:48 ubuntu.local ticky: ERROR Tried to add information to closed ticket (radha)
Jun 30 11:06:48 ubuntu.local ticky: ERROR Tried to add information to closed ticket (riejesh)
Jun 30 11:06:48 ubuntu.local ticky: ERROR Tried to add information to closed ticket (radha)
Jun 30 11:06:48 ubuntu.local ticky: ERROR Tried to add information to closed ticket (radha)
Jun 30 11:06:48 ubuntu.local ticky: ERROR Tried to add information to closed ticket (sangeetha)
Jun 30 11:06:48 ubuntu.local ticky: ERROR Tried to add information to closed ticket (aswath)
Jun 30 11:06:48 ubuntu.local ticky: ERROR Tried to add information to closed ticket (radha)
